2022-03-25 12:50:13,363:INFO:PyCaret Supervised Module
2022-03-25 12:50:13,365:INFO:ML Usecase: regression
2022-03-25 12:50:13,366:INFO:version 2.3.6
2022-03-25 12:50:13,366:INFO:Initializing setup()
2022-03-25 12:50:13,366:INFO:setup(target=Cena katalogowa 2022, ml_usecase=regression, available_plots={'parameter': 'Hyperparameters', 'residuals': 'Residuals', 'error': 'Prediction Error', 'cooks': 'Cooks Distance', 'rfe': 'Feature Selection', 'learning': 'Learning Curve', 'manifold': 'Manifold Learning', 'vc': 'Validation Curve', 'feature': 'Feature Importance', 'feature_all': 'Feature Importance (All)', 'tree': 'Decision Tree', 'residuals_interactive': 'Interactive Residuals'}, train_size=0.7, test_data=None, preprocess=True, imputation_type=simple, iterative_imputation_iters=5, categorical_features=None, categorical_imputation=constant, categorical_iterative_imputer=lightgbm, ordinal_features=None, high_cardinality_features=None, high_cardinality_method=frequency, numeric_features=None, numeric_imputation=mean, numeric_iterative_imputer=lightgbm, date_features=None, ignore_features=None, normalize=True, normalize_method=zscore, transformation=False, transformation_method=yeo-johnson, handle_unknown_categorical=True, unknown_categorical_method=least_frequent, pca=False, pca_method=linear, pca_components=None, ignore_low_variance=False, combine_rare_levels=False, rare_level_threshold=0.1, bin_numeric_features=None, remove_outliers=False, outliers_threshold=0.05, remove_multicollinearity=False, multicollinearity_threshold=0.9, remove_perfect_collinearity=True, create_clusters=False, cluster_iter=20, polynomial_features=False, polynomial_degree=2, trigonometry_features=False, polynomial_threshold=0.1, group_features=None, group_names=None, feature_selection=False, feature_selection_threshold=0.8, feature_selection_method=classic, feature_interaction=False, feature_ratio=False, interaction_threshold=0.01, fix_imbalance=False, fix_imbalance_method=None, transform_target=False, transform_target_method=box-cox, data_split_shuffle=True, data_split_stratify=False, fold_strategy=kfold, fold=10, fold_shuffle=False, fold_groups=None, n_jobs=-1, use_gpu=False, custom_pipeline=None, html=True, session_id=None, log_experiment=False, experiment_name=None, log_plots=False, log_profile=False, log_data=False, silent=True, verbose=True, profile=False, profile_kwargs=None, display=None)
2022-03-25 12:50:13,367:INFO:Checking environment
2022-03-25 12:50:13,367:INFO:python_version: 3.9.7
2022-03-25 12:50:13,369:INFO:python_build: ('default', 'Sep 16 2021 13:09:58')
2022-03-25 12:50:13,369:INFO:machine: x86_64
2022-03-25 12:50:13,369:INFO:platform: Linux-4.19.0-19-amd64-x86_64-with-glibc2.28
2022-03-25 12:50:13,370:WARNING:cannot find psutil installation. memory not traceable. Install psutil using pip to enable memory logging.
2022-03-25 12:50:13,371:INFO:Checking libraries
2022-03-25 12:50:13,371:INFO:pd==1.3.4
2022-03-25 12:50:13,371:INFO:numpy==1.19.2
2022-03-25 12:50:13,371:INFO:sklearn==0.23.2
2022-03-25 12:50:13,372:INFO:lightgbm==3.3.2
2022-03-25 12:50:13,373:WARNING:catboost not found
2022-03-25 12:50:13,757:INFO:xgboost==1.5.0
2022-03-25 12:50:16,807:INFO:mlflow==1.24.0
2022-03-25 12:50:16,808:INFO:Checking Exceptions
2022-03-25 12:50:16,808:INFO:Declaring global variables
2022-03-25 12:50:16,809:INFO:USI: 4db3
2022-03-25 12:50:16,809:INFO:pycaret_globals: {'fix_imbalance_method_param', 'target_param', 'imputation_regressor', 'master_model_container', 'logging_param', '_internal_pipeline', '_all_models_internal', 'gpu_param', 'create_model_container', 'X_test', 'exp_name_log', 'n_jobs_param', 'prep_pipe', 'transform_target_param', '_available_plots', 'X', 'stratify_param', 'fix_imbalance_param', 'experiment__', 'y_train', 'pycaret_globals', 'y', 'transform_target_method_param', 'fold_groups_param', 'fold_generator', 'iterative_imputation_iters_param', '_all_metrics', 'y_test', '_all_models', 'html_param', 'X_train', 'data_before_preprocess', 'log_plots_param', '_gpu_n_jobs_param', 'imputation_classifier', 'display_container', 'fold_groups_param_full', 'USI', 'seed', '_ml_usecase', 'fold_shuffle_param', 'fold_param'}
2022-03-25 12:50:16,809:INFO:Preparing display monitor
2022-03-25 12:50:16,809:INFO:Preparing display monitor
2022-03-25 12:50:16,874:INFO:Importing libraries
2022-03-25 12:50:16,875:INFO:Copying data for preprocessing
2022-03-25 12:50:16,908:INFO:Declaring preprocessing parameters
2022-03-25 12:50:16,912:INFO:Creating preprocessing pipeline
2022-03-25 12:50:17,007:INFO:Preprocessing pipeline created successfully
2022-03-25 12:50:17,008:ERROR:(Process Exit): setup has been interupted with user command 'quit'. setup must rerun.
2022-03-25 12:50:17,008:INFO:Creating global containers
2022-03-25 12:50:17,020:INFO:Internal pipeline: Pipeline(memory=None, steps=[('empty_step', 'passthrough')], verbose=False)
2022-03-25 12:50:19,257:WARNING:Couldn't import catboost.CatBoostRegressor
2022-03-25 12:50:19,630:WARNING:Couldn't import catboost.CatBoostRegressor
2022-03-25 12:50:19,631:INFO:Creating grid variables
2022-03-25 12:50:19,675:INFO:create_model_container: 0
2022-03-25 12:50:19,676:INFO:master_model_container: 0
2022-03-25 12:50:19,676:INFO:display_container: 1
2022-03-25 12:50:19,696:INFO:Pipeline(memory=None,
         steps=[('dtypes',
                 DataTypes_Auto_infer(categorical_features=[],
                                      display_types=False, features_todrop=[],
                                      id_columns=[], ml_usecase='regression',
                                      numerical_features=[],
                                      target='Cena katalogowa 2022',
                                      time_features=[])),
                ('imputer',
                 Simple_Imputer(categorical_strategy='not_available',
                                fill_value_categorical=None,
                                fill_value_numerical=None,
                                nume...
                ('P_transform', 'passthrough'), ('binn', 'passthrough'),
                ('rem_outliers', 'passthrough'), ('cluster_all', 'passthrough'),
                ('dummy', Dummify(target='Cena katalogowa 2022')),
                ('fix_perfect', Remove_100(target='Cena katalogowa 2022')),
                ('clean_names', Clean_Colum_Names()),
                ('feature_select', 'passthrough'), ('fix_multi', 'passthrough'),
                ('dfs', 'passthrough'), ('pca', 'passthrough')],
         verbose=False)
2022-03-25 12:50:19,696:INFO:setup() succesfully completed......................................
2022-03-25 12:50:36,492:INFO:Initializing compare_models()
2022-03-25 12:50:36,495:INFO:compare_models(include=None, fold=None, round=4, cross_validation=True, sort=R2, n_select=1, budget_time=None, turbo=True, errors=ignore, fit_kwargs=None, groups=None, probability_threshold=None, verbose=True, display=None, exclude=None)
2022-03-25 12:50:36,496:INFO:Checking exceptions
2022-03-25 12:50:36,498:INFO:Preparing display monitor
2022-03-25 12:50:36,498:INFO:Preparing display monitor
2022-03-25 12:50:36,651:INFO:Initializing Linear Regression
2022-03-25 12:50:36,651:INFO:Total runtime is 7.927417755126953e-06 minutes
2022-03-25 12:50:36,705:INFO:SubProcess create_model() called ==================================
2022-03-25 12:50:36,706:INFO:Initializing create_model()
2022-03-25 12:50:36,706:INFO:create_model(estimator=lr, fold=KFold(n_splits=10, random_state=None, shuffle=False), round=4, cross_validation=True, predict=True, fit_kwargs={}, groups=None, refit=False, verbose=False, system=False, metrics=None, add_to_model_list=True, probability_threshold=None, display=<pycaret.internal.Display.Display object at 0x7f31af9180a0>, kwargs={})
2022-03-25 12:50:36,707:INFO:Checking exceptions
2022-03-25 12:50:36,707:INFO:Importing libraries
2022-03-25 12:50:36,707:INFO:Copying training dataset
2022-03-25 12:50:36,715:INFO:Defining folds
2022-03-25 12:50:36,716:INFO:Declaring metric variables
2022-03-25 12:50:36,750:INFO:Importing untrained model
2022-03-25 12:50:36,777:INFO:Linear Regression Imported succesfully
2022-03-25 12:50:36,925:INFO:Starting cross validation
2022-03-25 12:50:37,065:INFO:Cross validating with KFold(n_splits=10, random_state=None, shuffle=False), n_jobs=-1
2022-03-25 12:50:49,618:INFO:Calculating mean and std
2022-03-25 12:50:49,621:INFO:Creating metrics dataframe
2022-03-25 12:50:49,631:INFO:Uploading results into container
2022-03-25 12:50:49,632:INFO:Uploading model into container now
2022-03-25 12:50:49,632:INFO:create_model_container: 1
2022-03-25 12:50:49,632:INFO:master_model_container: 1
2022-03-25 12:50:49,632:INFO:display_container: 2
2022-03-25 12:50:49,632:INFO:LinearRegression(copy_X=True, fit_intercept=True, n_jobs=-1, normalize=False)
2022-03-25 12:50:49,632:INFO:create_model() succesfully completed......................................
2022-03-25 12:50:49,869:INFO:SubProcess create_model() end ==================================
2022-03-25 12:50:49,869:INFO:Creating metrics dataframe
2022-03-25 12:50:49,985:INFO:Initializing Lasso Regression
2022-03-25 12:50:49,985:INFO:Total runtime is 0.22224072615305582 minutes
2022-03-25 12:50:50,044:INFO:SubProcess create_model() called ==================================
2022-03-25 12:50:50,046:INFO:Initializing create_model()
2022-03-25 12:50:50,046:INFO:create_model(estimator=lasso, fold=KFold(n_splits=10, random_state=None, shuffle=False), round=4, cross_validation=True, predict=True, fit_kwargs={}, groups=None, refit=False, verbose=False, system=False, metrics=None, add_to_model_list=True, probability_threshold=None, display=<pycaret.internal.Display.Display object at 0x7f31af9180a0>, kwargs={})
2022-03-25 12:50:50,046:INFO:Checking exceptions
2022-03-25 12:50:50,046:INFO:Importing libraries
2022-03-25 12:50:50,047:INFO:Copying training dataset
2022-03-25 12:50:50,053:INFO:Defining folds
2022-03-25 12:50:50,054:INFO:Declaring metric variables
2022-03-25 12:50:50,085:INFO:Importing untrained model
2022-03-25 12:50:50,111:INFO:Lasso Regression Imported succesfully
2022-03-25 12:50:50,171:INFO:Starting cross validation
2022-03-25 12:50:50,173:INFO:Cross validating with KFold(n_splits=10, random_state=None, shuffle=False), n_jobs=-1
2022-03-25 12:50:53,896:INFO:Calculating mean and std
2022-03-25 12:50:53,897:INFO:Creating metrics dataframe
2022-03-25 12:50:53,905:INFO:Uploading results into container
2022-03-25 12:50:53,905:INFO:Uploading model into container now
2022-03-25 12:50:53,905:INFO:create_model_container: 2
2022-03-25 12:50:53,906:INFO:master_model_container: 2
2022-03-25 12:50:53,906:INFO:display_container: 2
2022-03-25 12:50:53,906:INFO:Lasso(alpha=1.0, copy_X=True, fit_intercept=True, max_iter=1000,
      normalize=False, positive=False, precompute=False, random_state=8622,
      selection='cyclic', tol=0.0001, warm_start=False)
2022-03-25 12:50:53,906:INFO:create_model() succesfully completed......................................
2022-03-25 12:50:54,027:INFO:SubProcess create_model() end ==================================
2022-03-25 12:50:54,028:INFO:Creating metrics dataframe
2022-03-25 12:50:54,063:INFO:Initializing Ridge Regression
2022-03-25 12:50:54,063:INFO:Total runtime is 0.2902129689852396 minutes
2022-03-25 12:50:54,096:INFO:SubProcess create_model() called ==================================
2022-03-25 12:50:54,099:INFO:Initializing create_model()
2022-03-25 12:50:54,099:INFO:create_model(estimator=ridge, fold=KFold(n_splits=10, random_state=None, shuffle=False), round=4, cross_validation=True, predict=True, fit_kwargs={}, groups=None, refit=False, verbose=False, system=False, metrics=None, add_to_model_list=True, probability_threshold=None, display=<pycaret.internal.Display.Display object at 0x7f31af9180a0>, kwargs={})
2022-03-25 12:50:54,099:INFO:Checking exceptions
2022-03-25 12:50:54,100:INFO:Importing libraries
2022-03-25 12:50:54,100:INFO:Copying training dataset
2022-03-25 12:50:54,108:INFO:Defining folds
2022-03-25 12:50:54,108:INFO:Declaring metric variables
2022-03-25 12:50:54,123:INFO:Importing untrained model
2022-03-25 12:50:54,140:INFO:Ridge Regression Imported succesfully
2022-03-25 12:50:54,188:INFO:Starting cross validation
2022-03-25 12:50:54,189:INFO:Cross validating with KFold(n_splits=10, random_state=None, shuffle=False), n_jobs=-1
2022-03-25 12:50:54,911:INFO:Calculating mean and std
2022-03-25 12:50:54,914:INFO:Creating metrics dataframe
2022-03-25 12:50:54,930:INFO:Uploading results into container
2022-03-25 12:50:54,931:INFO:Uploading model into container now
2022-03-25 12:50:54,932:INFO:create_model_container: 3
2022-03-25 12:50:54,932:INFO:master_model_container: 3
2022-03-25 12:50:54,932:INFO:display_container: 2
2022-03-25 12:50:54,933:INFO:Ridge(alpha=1.0, copy_X=True, fit_intercept=True, max_iter=None,
      normalize=False, random_state=8622, solver='auto', tol=0.001)
2022-03-25 12:50:54,933:INFO:create_model() succesfully completed......................................
2022-03-25 12:50:55,158:INFO:SubProcess create_model() end ==================================
2022-03-25 12:50:55,158:INFO:Creating metrics dataframe
2022-03-25 12:50:55,226:INFO:Initializing Elastic Net
2022-03-25 12:50:55,226:INFO:Total runtime is 0.3095967292785644 minutes
2022-03-25 12:50:55,278:INFO:SubProcess create_model() called ==================================
2022-03-25 12:50:55,280:INFO:Initializing create_model()
2022-03-25 12:50:55,280:INFO:create_model(estimator=en, fold=KFold(n_splits=10, random_state=None, shuffle=False), round=4, cross_validation=True, predict=True, fit_kwargs={}, groups=None, refit=False, verbose=False, system=False, metrics=None, add_to_model_list=True, probability_threshold=None, display=<pycaret.internal.Display.Display object at 0x7f31af9180a0>, kwargs={})
2022-03-25 12:50:55,280:INFO:Checking exceptions
2022-03-25 12:50:55,280:INFO:Importing libraries
2022-03-25 12:50:55,280:INFO:Copying training dataset
2022-03-25 12:50:55,284:INFO:Defining folds
2022-03-25 12:50:55,284:INFO:Declaring metric variables
2022-03-25 12:50:55,309:INFO:Importing untrained model
2022-03-25 12:50:55,335:INFO:Elastic Net Imported succesfully
2022-03-25 12:50:55,410:INFO:Starting cross validation
2022-03-25 12:50:55,412:INFO:Cross validating with KFold(n_splits=10, random_state=None, shuffle=False), n_jobs=-1
2022-03-25 12:50:56,045:INFO:Calculating mean and std
2022-03-25 12:50:56,047:INFO:Creating metrics dataframe
2022-03-25 12:50:56,056:INFO:Uploading results into container
2022-03-25 12:50:56,056:INFO:Uploading model into container now
2022-03-25 12:50:56,056:INFO:create_model_container: 4
2022-03-25 12:50:56,057:INFO:master_model_container: 4
2022-03-25 12:50:56,057:INFO:display_container: 2
2022-03-25 12:50:56,058:INFO:ElasticNet(alpha=1.0, copy_X=True, fit_intercept=True, l1_ratio=0.5,
           max_iter=1000, normalize=False, positive=False, precompute=False,
           random_state=8622, selection='cyclic', tol=0.0001, warm_start=False)
2022-03-25 12:50:56,058:INFO:create_model() succesfully completed......................................
2022-03-25 12:50:56,189:INFO:SubProcess create_model() end ==================================
2022-03-25 12:50:56,189:INFO:Creating metrics dataframe
2022-03-25 12:50:56,222:INFO:Initializing Least Angle Regression
2022-03-25 12:50:56,223:INFO:Total runtime is 0.32620350519816077 minutes
2022-03-25 12:50:56,237:INFO:SubProcess create_model() called ==================================
2022-03-25 12:50:56,237:INFO:Initializing create_model()
2022-03-25 12:50:56,237:INFO:create_model(estimator=lar, fold=KFold(n_splits=10, random_state=None, shuffle=False), round=4, cross_validation=True, predict=True, fit_kwargs={}, groups=None, refit=False, verbose=False, system=False, metrics=None, add_to_model_list=True, probability_threshold=None, display=<pycaret.internal.Display.Display object at 0x7f31af9180a0>, kwargs={})
2022-03-25 12:50:56,237:INFO:Checking exceptions
2022-03-25 12:50:56,237:INFO:Importing libraries
2022-03-25 12:50:56,238:INFO:Copying training dataset
2022-03-25 12:50:56,240:INFO:Defining folds
2022-03-25 12:50:56,240:INFO:Declaring metric variables
2022-03-25 12:50:56,255:INFO:Importing untrained model
2022-03-25 12:50:56,275:INFO:Least Angle Regression Imported succesfully
2022-03-25 12:50:56,321:INFO:Starting cross validation
2022-03-25 12:50:56,324:INFO:Cross validating with KFold(n_splits=10, random_state=None, shuffle=False), n_jobs=-1
2022-03-25 12:50:59,213:INFO:Calculating mean and std
2022-03-25 12:50:59,214:INFO:Creating metrics dataframe
2022-03-25 12:50:59,218:INFO:Uploading results into container
2022-03-25 12:50:59,218:INFO:Uploading model into container now
2022-03-25 12:50:59,218:INFO:create_model_container: 5
2022-03-25 12:50:59,218:INFO:master_model_container: 5
2022-03-25 12:50:59,218:INFO:display_container: 2
2022-03-25 12:50:59,218:INFO:Lars(copy_X=True, eps=2.220446049250313e-16, fit_intercept=True, fit_path=True,
     jitter=None, n_nonzero_coefs=500, normalize=True, precompute='auto',
     random_state=8622, verbose=False)
2022-03-25 12:50:59,219:INFO:create_model() succesfully completed......................................
2022-03-25 12:50:59,300:INFO:SubProcess create_model() end ==================================
2022-03-25 12:50:59,301:INFO:Creating metrics dataframe
2022-03-25 12:50:59,327:INFO:Initializing Lasso Least Angle Regression
2022-03-25 12:50:59,327:INFO:Total runtime is 0.37794308265050247 minutes
2022-03-25 12:50:59,344:INFO:SubProcess create_model() called ==================================
2022-03-25 12:50:59,345:INFO:Initializing create_model()
2022-03-25 12:50:59,345:INFO:create_model(estimator=llar, fold=KFold(n_splits=10, random_state=None, shuffle=False), round=4, cross_validation=True, predict=True, fit_kwargs={}, groups=None, refit=False, verbose=False, system=False, metrics=None, add_to_model_list=True, probability_threshold=None, display=<pycaret.internal.Display.Display object at 0x7f31af9180a0>, kwargs={})
2022-03-25 12:50:59,345:INFO:Checking exceptions
2022-03-25 12:50:59,345:INFO:Importing libraries
2022-03-25 12:50:59,345:INFO:Copying training dataset
2022-03-25 12:50:59,347:INFO:Defining folds
2022-03-25 12:50:59,347:INFO:Declaring metric variables
2022-03-25 12:50:59,380:INFO:Importing untrained model
2022-03-25 12:50:59,393:INFO:Lasso Least Angle Regression Imported succesfully
2022-03-25 12:50:59,457:INFO:Starting cross validation
2022-03-25 12:50:59,458:INFO:Cross validating with KFold(n_splits=10, random_state=None, shuffle=False), n_jobs=-1
2022-03-25 12:51:01,523:INFO:Calculating mean and std
2022-03-25 12:51:01,524:INFO:Creating metrics dataframe
2022-03-25 12:51:01,528:INFO:Uploading results into container
2022-03-25 12:51:01,528:INFO:Uploading model into container now
2022-03-25 12:51:01,528:INFO:create_model_container: 6
2022-03-25 12:51:01,529:INFO:master_model_container: 6
2022-03-25 12:51:01,529:INFO:display_container: 2
2022-03-25 12:51:01,529:INFO:LassoLars(alpha=1.0, copy_X=True, eps=2.220446049250313e-16, fit_intercept=True,
          fit_path=True, jitter=None, max_iter=500, normalize=True,
          positive=False, precompute='auto', random_state=8622, verbose=False)
2022-03-25 12:51:01,530:INFO:create_model() succesfully completed......................................
2022-03-25 12:51:01,621:INFO:SubProcess create_model() end ==================================
2022-03-25 12:51:01,621:INFO:Creating metrics dataframe
2022-03-25 12:51:01,647:INFO:Initializing Orthogonal Matching Pursuit
2022-03-25 12:51:01,647:INFO:Total runtime is 0.4166115840276082 minutes
2022-03-25 12:51:01,663:INFO:SubProcess create_model() called ==================================
2022-03-25 12:51:01,664:INFO:Initializing create_model()
2022-03-25 12:51:01,664:INFO:create_model(estimator=omp, fold=KFold(n_splits=10, random_state=None, shuffle=False), round=4, cross_validation=True, predict=True, fit_kwargs={}, groups=None, refit=False, verbose=False, system=False, metrics=None, add_to_model_list=True, probability_threshold=None, display=<pycaret.internal.Display.Display object at 0x7f31af9180a0>, kwargs={})
2022-03-25 12:51:01,664:INFO:Checking exceptions
2022-03-25 12:51:01,664:INFO:Importing libraries
2022-03-25 12:51:01,664:INFO:Copying training dataset
2022-03-25 12:51:01,666:INFO:Defining folds
2022-03-25 12:51:01,666:INFO:Declaring metric variables
2022-03-25 12:51:01,676:INFO:Importing untrained model
2022-03-25 12:51:01,686:INFO:Orthogonal Matching Pursuit Imported succesfully
2022-03-25 12:51:01,711:INFO:Starting cross validation
2022-03-25 12:51:01,711:INFO:Cross validating with KFold(n_splits=10, random_state=None, shuffle=False), n_jobs=-1
2022-03-25 12:51:02,243:INFO:Calculating mean and std
2022-03-25 12:51:02,244:INFO:Creating metrics dataframe
2022-03-25 12:51:02,251:INFO:Uploading results into container
2022-03-25 12:51:02,251:INFO:Uploading model into container now
2022-03-25 12:51:02,251:INFO:create_model_container: 7
2022-03-25 12:51:02,251:INFO:master_model_container: 7
2022-03-25 12:51:02,251:INFO:display_container: 2
2022-03-25 12:51:02,252:INFO:OrthogonalMatchingPursuit(fit_intercept=True, n_nonzero_coefs=None,
                          normalize=True, precompute='auto', tol=None)
2022-03-25 12:51:02,252:INFO:create_model() succesfully completed......................................
2022-03-25 12:51:02,454:INFO:SubProcess create_model() end ==================================
2022-03-25 12:51:02,454:INFO:Creating metrics dataframe
2022-03-25 12:51:02,523:INFO:Initializing Bayesian Ridge
2022-03-25 12:51:02,524:INFO:Total runtime is 0.43122102419535313 minutes
2022-03-25 12:51:02,560:INFO:SubProcess create_model() called ==================================
2022-03-25 12:51:02,561:INFO:Initializing create_model()
2022-03-25 12:51:02,561:INFO:create_model(estimator=br, fold=KFold(n_splits=10, random_state=None, shuffle=False), round=4, cross_validation=True, predict=True, fit_kwargs={}, groups=None, refit=False, verbose=False, system=False, metrics=None, add_to_model_list=True, probability_threshold=None, display=<pycaret.internal.Display.Display object at 0x7f31af9180a0>, kwargs={})
2022-03-25 12:51:02,562:INFO:Checking exceptions
2022-03-25 12:51:02,562:INFO:Importing libraries
2022-03-25 12:51:02,563:INFO:Copying training dataset
2022-03-25 12:51:02,566:INFO:Defining folds
2022-03-25 12:51:02,567:INFO:Declaring metric variables
2022-03-25 12:51:02,602:INFO:Importing untrained model
2022-03-25 12:51:02,640:INFO:Bayesian Ridge Imported succesfully
2022-03-25 12:51:02,709:INFO:Starting cross validation
2022-03-25 12:51:02,711:INFO:Cross validating with KFold(n_splits=10, random_state=None, shuffle=False), n_jobs=-1
2022-03-25 12:51:31,839:INFO:Calculating mean and std
2022-03-25 12:51:31,840:INFO:Creating metrics dataframe
2022-03-25 12:51:31,843:INFO:Uploading results into container
2022-03-25 12:51:31,844:INFO:Uploading model into container now
2022-03-25 12:51:31,844:INFO:create_model_container: 8
2022-03-25 12:51:31,844:INFO:master_model_container: 8
2022-03-25 12:51:31,844:INFO:display_container: 2
2022-03-25 12:51:31,844:INFO:BayesianRidge(alpha_1=1e-06, alpha_2=1e-06, alpha_init=None,
              compute_score=False, copy_X=True, fit_intercept=True,
              lambda_1=1e-06, lambda_2=1e-06, lambda_init=None, n_iter=300,
              normalize=False, tol=0.001, verbose=False)
2022-03-25 12:51:31,844:INFO:create_model() succesfully completed......................................
2022-03-25 12:51:31,936:INFO:SubProcess create_model() end ==================================
2022-03-25 12:51:31,937:INFO:Creating metrics dataframe
2022-03-25 12:51:31,960:INFO:Initializing Passive Aggressive Regressor
2022-03-25 12:51:31,960:INFO:Total runtime is 0.9218252301216125 minutes
2022-03-25 12:51:31,970:INFO:SubProcess create_model() called ==================================
2022-03-25 12:51:31,970:INFO:Initializing create_model()
2022-03-25 12:51:31,970:INFO:create_model(estimator=par, fold=KFold(n_splits=10, random_state=None, shuffle=False), round=4, cross_validation=True, predict=True, fit_kwargs={}, groups=None, refit=False, verbose=False, system=False, metrics=None, add_to_model_list=True, probability_threshold=None, display=<pycaret.internal.Display.Display object at 0x7f31af9180a0>, kwargs={})
2022-03-25 12:51:31,970:INFO:Checking exceptions
2022-03-25 12:51:31,970:INFO:Importing libraries
2022-03-25 12:51:31,970:INFO:Copying training dataset
2022-03-25 12:51:31,973:INFO:Defining folds
2022-03-25 12:51:31,973:INFO:Declaring metric variables
2022-03-25 12:51:31,993:INFO:Importing untrained model
2022-03-25 12:51:32,005:INFO:Passive Aggressive Regressor Imported succesfully
2022-03-25 12:51:32,032:INFO:Starting cross validation
2022-03-25 12:51:32,033:INFO:Cross validating with KFold(n_splits=10, random_state=None, shuffle=False), n_jobs=-1
2022-03-25 12:51:44,279:INFO:Calculating mean and std
2022-03-25 12:51:44,280:INFO:Creating metrics dataframe
2022-03-25 12:51:44,285:INFO:Uploading results into container
2022-03-25 12:51:44,285:INFO:Uploading model into container now
2022-03-25 12:51:44,285:INFO:create_model_container: 9
2022-03-25 12:51:44,285:INFO:master_model_container: 9
2022-03-25 12:51:44,285:INFO:display_container: 2
2022-03-25 12:51:44,286:INFO:PassiveAggressiveRegressor(C=1.0, average=False, early_stopping=False,
                           epsilon=0.1, fit_intercept=True,
                           loss='epsilon_insensitive', max_iter=1000,
                           n_iter_no_change=5, random_state=8622, shuffle=True,
                           tol=0.001, validation_fraction=0.1, verbose=0,
                           warm_start=False)
2022-03-25 12:51:44,286:INFO:create_model() succesfully completed......................................
2022-03-25 12:51:44,388:INFO:SubProcess create_model() end ==================================
2022-03-25 12:51:44,388:INFO:Creating metrics dataframe
2022-03-25 12:51:44,413:INFO:Initializing Huber Regressor
2022-03-25 12:51:44,413:INFO:Total runtime is 1.129383671283722 minutes
2022-03-25 12:51:44,427:INFO:SubProcess create_model() called ==================================
2022-03-25 12:51:44,428:INFO:Initializing create_model()
2022-03-25 12:51:44,428:INFO:create_model(estimator=huber, fold=KFold(n_splits=10, random_state=None, shuffle=False), round=4, cross_validation=True, predict=True, fit_kwargs={}, groups=None, refit=False, verbose=False, system=False, metrics=None, add_to_model_list=True, probability_threshold=None, display=<pycaret.internal.Display.Display object at 0x7f31af9180a0>, kwargs={})
2022-03-25 12:51:44,428:INFO:Checking exceptions
2022-03-25 12:51:44,428:INFO:Importing libraries
2022-03-25 12:51:44,428:INFO:Copying training dataset
2022-03-25 12:51:44,430:INFO:Defining folds
2022-03-25 12:51:44,430:INFO:Declaring metric variables
2022-03-25 12:51:44,443:INFO:Importing untrained model
2022-03-25 12:51:44,455:INFO:Huber Regressor Imported succesfully
2022-03-25 12:51:44,476:INFO:Starting cross validation
2022-03-25 12:51:44,477:INFO:Cross validating with KFold(n_splits=10, random_state=None, shuffle=False), n_jobs=-1
2022-03-25 12:51:53,432:INFO:Calculating mean and std
2022-03-25 12:51:53,433:INFO:Creating metrics dataframe
2022-03-25 12:51:53,437:INFO:Uploading results into container
2022-03-25 12:51:53,437:INFO:Uploading model into container now
2022-03-25 12:51:53,437:INFO:create_model_container: 10
2022-03-25 12:51:53,437:INFO:master_model_container: 10
2022-03-25 12:51:53,438:INFO:display_container: 2
2022-03-25 12:51:53,438:INFO:HuberRegressor(alpha=0.0001, epsilon=1.35, fit_intercept=True, max_iter=100,
               tol=1e-05, warm_start=False)
2022-03-25 12:51:53,438:INFO:create_model() succesfully completed......................................
2022-03-25 12:51:53,537:INFO:SubProcess create_model() end ==================================
2022-03-25 12:51:53,538:INFO:Creating metrics dataframe
2022-03-25 12:51:53,572:INFO:Initializing K Neighbors Regressor
2022-03-25 12:51:53,572:INFO:Total runtime is 1.2820221463839214 minutes
2022-03-25 12:51:53,585:INFO:SubProcess create_model() called ==================================
2022-03-25 12:51:53,586:INFO:Initializing create_model()
2022-03-25 12:51:53,586:INFO:create_model(estimator=knn, fold=KFold(n_splits=10, random_state=None, shuffle=False), round=4, cross_validation=True, predict=True, fit_kwargs={}, groups=None, refit=False, verbose=False, system=False, metrics=None, add_to_model_list=True, probability_threshold=None, display=<pycaret.internal.Display.Display object at 0x7f31af9180a0>, kwargs={})
2022-03-25 12:51:53,586:INFO:Checking exceptions
2022-03-25 12:51:53,586:INFO:Importing libraries
2022-03-25 12:51:53,586:INFO:Copying training dataset
2022-03-25 12:51:53,588:INFO:Defining folds
2022-03-25 12:51:53,588:INFO:Declaring metric variables
2022-03-25 12:51:53,600:INFO:Importing untrained model
2022-03-25 12:51:53,612:INFO:K Neighbors Regressor Imported succesfully
2022-03-25 12:51:53,640:INFO:Starting cross validation
2022-03-25 12:51:53,641:INFO:Cross validating with KFold(n_splits=10, random_state=None, shuffle=False), n_jobs=-1
2022-03-25 12:51:54,706:INFO:Calculating mean and std
2022-03-25 12:51:54,707:INFO:Creating metrics dataframe
2022-03-25 12:51:54,712:INFO:Uploading results into container
2022-03-25 12:51:54,712:INFO:Uploading model into container now
2022-03-25 12:51:54,712:INFO:create_model_container: 11
2022-03-25 12:51:54,712:INFO:master_model_container: 11
2022-03-25 12:51:54,712:INFO:display_container: 2
2022-03-25 12:51:54,713:INFO:KNeighborsRegressor(algorithm='auto', leaf_size=30, metric='minkowski',
                    metric_params=None, n_jobs=-1, n_neighbors=5, p=2,
                    weights='uniform')
2022-03-25 12:51:54,713:INFO:create_model() succesfully completed......................................
2022-03-25 12:51:54,799:INFO:SubProcess create_model() end ==================================
2022-03-25 12:51:54,799:INFO:Creating metrics dataframe
2022-03-25 12:51:54,823:INFO:Initializing Decision Tree Regressor
2022-03-25 12:51:54,823:INFO:Total runtime is 1.302876345316569 minutes
2022-03-25 12:51:54,834:INFO:SubProcess create_model() called ==================================
2022-03-25 12:51:54,834:INFO:Initializing create_model()
2022-03-25 12:51:54,834:INFO:create_model(estimator=dt, fold=KFold(n_splits=10, random_state=None, shuffle=False), round=4, cross_validation=True, predict=True, fit_kwargs={}, groups=None, refit=False, verbose=False, system=False, metrics=None, add_to_model_list=True, probability_threshold=None, display=<pycaret.internal.Display.Display object at 0x7f31af9180a0>, kwargs={})
2022-03-25 12:51:54,834:INFO:Checking exceptions
2022-03-25 12:51:54,834:INFO:Importing libraries
2022-03-25 12:51:54,834:INFO:Copying training dataset
2022-03-25 12:51:54,836:INFO:Defining folds
2022-03-25 12:51:54,836:INFO:Declaring metric variables
2022-03-25 12:51:54,846:INFO:Importing untrained model
2022-03-25 12:51:54,857:INFO:Decision Tree Regressor Imported succesfully
2022-03-25 12:51:54,878:INFO:Starting cross validation
2022-03-25 12:51:54,879:INFO:Cross validating with KFold(n_splits=10, random_state=None, shuffle=False), n_jobs=-1
2022-03-25 12:51:55,246:INFO:Calculating mean and std
2022-03-25 12:51:55,247:INFO:Creating metrics dataframe
2022-03-25 12:51:55,251:INFO:Uploading results into container
2022-03-25 12:51:55,251:INFO:Uploading model into container now
2022-03-25 12:51:55,251:INFO:create_model_container: 12
2022-03-25 12:51:55,251:INFO:master_model_container: 12
2022-03-25 12:51:55,251:INFO:display_container: 2
2022-03-25 12:51:55,252:INFO:DecisionTreeRegressor(ccp_alpha=0.0, criterion='mse', max_depth=None,
                      max_features=None, max_leaf_nodes=None,
                      min_impurity_decrease=0.0, min_impurity_split=None,
                      min_samples_leaf=1, min_samples_split=2,
                      min_weight_fraction_leaf=0.0, presort='deprecated',
                      random_state=8622, splitter='best')
2022-03-25 12:51:55,252:INFO:create_model() succesfully completed......................................
2022-03-25 12:51:55,369:INFO:SubProcess create_model() end ==================================
2022-03-25 12:51:55,370:INFO:Creating metrics dataframe
2022-03-25 12:51:55,415:INFO:Initializing Random Forest Regressor
2022-03-25 12:51:55,416:INFO:Total runtime is 1.3127532601356506 minutes
2022-03-25 12:51:55,433:INFO:SubProcess create_model() called ==================================
2022-03-25 12:51:55,434:INFO:Initializing create_model()
2022-03-25 12:51:55,434:INFO:create_model(estimator=rf, fold=KFold(n_splits=10, random_state=None, shuffle=False), round=4, cross_validation=True, predict=True, fit_kwargs={}, groups=None, refit=False, verbose=False, system=False, metrics=None, add_to_model_list=True, probability_threshold=None, display=<pycaret.internal.Display.Display object at 0x7f31af9180a0>, kwargs={})
2022-03-25 12:51:55,434:INFO:Checking exceptions
2022-03-25 12:51:55,434:INFO:Importing libraries
2022-03-25 12:51:55,434:INFO:Copying training dataset
2022-03-25 12:51:55,437:INFO:Defining folds
2022-03-25 12:51:55,437:INFO:Declaring metric variables
2022-03-25 12:51:55,454:INFO:Importing untrained model
2022-03-25 12:51:55,484:INFO:Random Forest Regressor Imported succesfully
2022-03-25 12:51:55,521:INFO:Starting cross validation
2022-03-25 12:51:55,523:INFO:Cross validating with KFold(n_splits=10, random_state=None, shuffle=False), n_jobs=-1
2022-03-25 12:52:03,189:INFO:Calculating mean and std
2022-03-25 12:52:03,190:INFO:Creating metrics dataframe
2022-03-25 12:52:03,195:INFO:Uploading results into container
2022-03-25 12:52:03,195:INFO:Uploading model into container now
2022-03-25 12:52:03,195:INFO:create_model_container: 13
2022-03-25 12:52:03,207:INFO:master_model_container: 13
2022-03-25 12:52:03,207:INFO:display_container: 2
2022-03-25 12:52:03,208:INFO:RandomForestRegressor(bootstrap=True, ccp_alpha=0.0, criterion='mse',
                      max_depth=None, max_features='auto', max_leaf_nodes=None,
                      max_samples=None, min_impurity_decrease=0.0,
                      min_impurity_split=None, min_samples_leaf=1,
                      min_samples_split=2, min_weight_fraction_leaf=0.0,
                      n_estimators=100, n_jobs=-1, oob_score=False,
                      random_state=8622, verbose=0, warm_start=False)
2022-03-25 12:52:03,208:INFO:create_model() succesfully completed......................................
2022-03-25 12:52:03,316:INFO:SubProcess create_model() end ==================================
2022-03-25 12:52:03,316:INFO:Creating metrics dataframe
2022-03-25 12:52:03,339:INFO:Initializing Extra Trees Regressor
2022-03-25 12:52:03,339:INFO:Total runtime is 1.4448040167490641 minutes
2022-03-25 12:52:03,348:INFO:SubProcess create_model() called ==================================
2022-03-25 12:52:03,349:INFO:Initializing create_model()
2022-03-25 12:52:03,349:INFO:create_model(estimator=et, fold=KFold(n_splits=10, random_state=None, shuffle=False), round=4, cross_validation=True, predict=True, fit_kwargs={}, groups=None, refit=False, verbose=False, system=False, metrics=None, add_to_model_list=True, probability_threshold=None, display=<pycaret.internal.Display.Display object at 0x7f31af9180a0>, kwargs={})
2022-03-25 12:52:03,349:INFO:Checking exceptions
2022-03-25 12:52:03,349:INFO:Importing libraries
2022-03-25 12:52:03,349:INFO:Copying training dataset
2022-03-25 12:52:03,351:INFO:Defining folds
2022-03-25 12:52:03,351:INFO:Declaring metric variables
2022-03-25 12:52:03,360:INFO:Importing untrained model
2022-03-25 12:52:03,371:INFO:Extra Trees Regressor Imported succesfully
2022-03-25 12:52:03,391:INFO:Starting cross validation
2022-03-25 12:52:03,391:INFO:Cross validating with KFold(n_splits=10, random_state=None, shuffle=False), n_jobs=-1
2022-03-25 12:52:13,213:INFO:Calculating mean and std
2022-03-25 12:52:13,215:INFO:Creating metrics dataframe
2022-03-25 12:52:13,221:INFO:Uploading results into container
2022-03-25 12:52:13,221:INFO:Uploading model into container now
2022-03-25 12:52:13,221:INFO:create_model_container: 14
2022-03-25 12:52:13,222:INFO:master_model_container: 14
2022-03-25 12:52:13,222:INFO:display_container: 2
2022-03-25 12:52:13,222:INFO:ExtraTreesRegressor(bootstrap=False, ccp_alpha=0.0, criterion='mse',
                    max_depth=None, max_features='auto', max_leaf_nodes=None,
                    max_samples=None, min_impurity_decrease=0.0,
                    min_impurity_split=None, min_samples_leaf=1,
                    min_samples_split=2, min_weight_fraction_leaf=0.0,
                    n_estimators=100, n_jobs=-1, oob_score=False,
                    random_state=8622, verbose=0, warm_start=False)
2022-03-25 12:52:13,222:INFO:create_model() succesfully completed......................................
2022-03-25 12:52:13,334:INFO:SubProcess create_model() end ==================================
2022-03-25 12:52:13,334:INFO:Creating metrics dataframe
2022-03-25 12:52:13,363:INFO:Initializing AdaBoost Regressor
2022-03-25 12:52:13,363:INFO:Total runtime is 1.6118756651878356 minutes
2022-03-25 12:52:13,375:INFO:SubProcess create_model() called ==================================
2022-03-25 12:52:13,376:INFO:Initializing create_model()
2022-03-25 12:52:13,376:INFO:create_model(estimator=ada, fold=KFold(n_splits=10, random_state=None, shuffle=False), round=4, cross_validation=True, predict=True, fit_kwargs={}, groups=None, refit=False, verbose=False, system=False, metrics=None, add_to_model_list=True, probability_threshold=None, display=<pycaret.internal.Display.Display object at 0x7f31af9180a0>, kwargs={})
2022-03-25 12:52:13,376:INFO:Checking exceptions
2022-03-25 12:52:13,376:INFO:Importing libraries
2022-03-25 12:52:13,376:INFO:Copying training dataset
2022-03-25 12:52:13,378:INFO:Defining folds
2022-03-25 12:52:13,378:INFO:Declaring metric variables
2022-03-25 12:52:13,391:INFO:Importing untrained model
2022-03-25 12:52:13,406:INFO:AdaBoost Regressor Imported succesfully
2022-03-25 12:52:13,448:INFO:Starting cross validation
2022-03-25 12:52:13,449:INFO:Cross validating with KFold(n_splits=10, random_state=None, shuffle=False), n_jobs=-1
2022-03-25 12:52:18,298:INFO:Calculating mean and std
2022-03-25 12:52:18,301:INFO:Creating metrics dataframe
2022-03-25 12:52:18,316:INFO:Uploading results into container
2022-03-25 12:52:18,317:INFO:Uploading model into container now
2022-03-25 12:52:18,317:INFO:create_model_container: 15
2022-03-25 12:52:18,317:INFO:master_model_container: 15
2022-03-25 12:52:18,317:INFO:display_container: 2
2022-03-25 12:52:18,318:INFO:AdaBoostRegressor(base_estimator=None, learning_rate=1.0, loss='linear',
                  n_estimators=50, random_state=8622)
2022-03-25 12:52:18,318:INFO:create_model() succesfully completed......................................
2022-03-25 12:52:18,553:INFO:SubProcess create_model() end ==================================
2022-03-25 12:52:18,553:INFO:Creating metrics dataframe
2022-03-25 12:52:18,624:INFO:Initializing Gradient Boosting Regressor
2022-03-25 12:52:18,625:INFO:Total runtime is 1.699568502108256 minutes
2022-03-25 12:52:18,651:INFO:SubProcess create_model() called ==================================
2022-03-25 12:52:18,652:INFO:Initializing create_model()
2022-03-25 12:52:18,657:INFO:create_model(estimator=gbr, fold=KFold(n_splits=10, random_state=None, shuffle=False), round=4, cross_validation=True, predict=True, fit_kwargs={}, groups=None, refit=False, verbose=False, system=False, metrics=None, add_to_model_list=True, probability_threshold=None, display=<pycaret.internal.Display.Display object at 0x7f31af9180a0>, kwargs={})
2022-03-25 12:52:18,657:INFO:Checking exceptions
2022-03-25 12:52:18,657:INFO:Importing libraries
2022-03-25 12:52:18,657:INFO:Copying training dataset
2022-03-25 12:52:18,662:INFO:Defining folds
2022-03-25 12:52:18,663:INFO:Declaring metric variables
2022-03-25 12:52:18,699:INFO:Importing untrained model
2022-03-25 12:52:18,736:INFO:Gradient Boosting Regressor Imported succesfully
2022-03-25 12:52:18,804:INFO:Starting cross validation
2022-03-25 12:52:18,810:INFO:Cross validating with KFold(n_splits=10, random_state=None, shuffle=False), n_jobs=-1
2022-03-25 12:52:22,757:INFO:Calculating mean and std
2022-03-25 12:52:22,758:INFO:Creating metrics dataframe
2022-03-25 12:52:22,762:INFO:Uploading results into container
2022-03-25 12:52:22,762:INFO:Uploading model into container now
2022-03-25 12:52:22,763:INFO:create_model_container: 16
2022-03-25 12:52:22,763:INFO:master_model_container: 16
2022-03-25 12:52:22,763:INFO:display_container: 2
2022-03-25 12:52:22,763:INFO:GradientBoostingRegressor(alpha=0.9, ccp_alpha=0.0, criterion='friedman_mse',
                          init=None, learning_rate=0.1, loss='ls', max_depth=3,
                          max_features=None, max_leaf_nodes=None,
                          min_impurity_decrease=0.0, min_impurity_split=None,
                          min_samples_leaf=1, min_samples_split=2,
                          min_weight_fraction_leaf=0.0, n_estimators=100,
                          n_iter_no_change=None, presort='deprecated',
                          random_state=8622, subsample=1.0, tol=0.0001,
                          validation_fraction=0.1, verbose=0, warm_start=False)
2022-03-25 12:52:22,763:INFO:create_model() succesfully completed......................................
2022-03-25 12:52:22,924:INFO:SubProcess create_model() end ==================================
2022-03-25 12:52:22,927:INFO:Creating metrics dataframe
2022-03-25 12:52:23,005:INFO:Initializing Extreme Gradient Boosting
2022-03-25 12:52:23,006:INFO:Total runtime is 1.7725897272427877 minutes
2022-03-25 12:52:23,040:INFO:SubProcess create_model() called ==================================
2022-03-25 12:52:23,041:INFO:Initializing create_model()
2022-03-25 12:52:23,042:INFO:create_model(estimator=xgboost, fold=KFold(n_splits=10, random_state=None, shuffle=False), round=4, cross_validation=True, predict=True, fit_kwargs={}, groups=None, refit=False, verbose=False, system=False, metrics=None, add_to_model_list=True, probability_threshold=None, display=<pycaret.internal.Display.Display object at 0x7f31af9180a0>, kwargs={})
2022-03-25 12:52:23,042:INFO:Checking exceptions
2022-03-25 12:52:23,042:INFO:Importing libraries
2022-03-25 12:52:23,048:INFO:Copying training dataset
2022-03-25 12:52:23,052:INFO:Defining folds
2022-03-25 12:52:23,054:INFO:Declaring metric variables
2022-03-25 12:52:23,094:INFO:Importing untrained model
2022-03-25 12:52:23,126:INFO:Extreme Gradient Boosting Imported succesfully
2022-03-25 12:52:23,200:INFO:Starting cross validation
2022-03-25 12:52:23,205:INFO:Cross validating with KFold(n_splits=10, random_state=None, shuffle=False), n_jobs=-1
2022-03-25 12:53:18,312:INFO:Calculating mean and std
2022-03-25 12:53:18,313:INFO:Creating metrics dataframe
2022-03-25 12:53:18,317:INFO:Uploading results into container
2022-03-25 12:53:18,318:INFO:Uploading model into container now
2022-03-25 12:53:18,318:INFO:create_model_container: 17
2022-03-25 12:53:18,318:INFO:master_model_container: 17
2022-03-25 12:53:18,318:INFO:display_container: 2
2022-03-25 12:53:18,319:INFO:XGBRegressor(base_score=None, booster='gbtree', colsample_bylevel=None,
             colsample_bynode=None, colsample_bytree=None,
             enable_categorical=False, gamma=None, gpu_id=None,
             importance_type=None, interaction_constraints=None,
             learning_rate=None, max_delta_step=None, max_depth=None,
             min_child_weight=None, missing=nan, monotone_constraints=None,
             n_estimators=100, n_jobs=-1, num_parallel_tree=None,
             objective='reg:squarederror', predictor=None, random_state=8622,
             reg_alpha=None, reg_lambda=None, scale_pos_weight=None,
             subsample=None, tree_method='auto', validate_parameters=None,
             verbosity=0)
2022-03-25 12:53:18,319:INFO:create_model() succesfully completed......................................
2022-03-25 12:53:18,418:INFO:SubProcess create_model() end ==================================
2022-03-25 12:53:18,418:INFO:Creating metrics dataframe
2022-03-25 12:53:18,442:INFO:Initializing Light Gradient Boosting Machine
2022-03-25 12:53:18,442:INFO:Total runtime is 2.696520527203878 minutes
2022-03-25 12:53:18,450:INFO:SubProcess create_model() called ==================================
2022-03-25 12:53:18,451:INFO:Initializing create_model()
2022-03-25 12:53:18,451:INFO:create_model(estimator=lightgbm, fold=KFold(n_splits=10, random_state=None, shuffle=False), round=4, cross_validation=True, predict=True, fit_kwargs={}, groups=None, refit=False, verbose=False, system=False, metrics=None, add_to_model_list=True, probability_threshold=None, display=<pycaret.internal.Display.Display object at 0x7f31af9180a0>, kwargs={})
2022-03-25 12:53:18,451:INFO:Checking exceptions
2022-03-25 12:53:18,451:INFO:Importing libraries
2022-03-25 12:53:18,451:INFO:Copying training dataset
2022-03-25 12:53:18,453:INFO:Defining folds
2022-03-25 12:53:18,453:INFO:Declaring metric variables
2022-03-25 12:53:18,461:INFO:Importing untrained model
2022-03-25 12:53:18,470:INFO:Light Gradient Boosting Machine Imported succesfully
2022-03-25 12:53:18,500:INFO:Starting cross validation
2022-03-25 12:53:18,500:INFO:Cross validating with KFold(n_splits=10, random_state=None, shuffle=False), n_jobs=-1
2022-03-25 12:53:19,730:INFO:Calculating mean and std
2022-03-25 12:53:19,733:INFO:Creating metrics dataframe
2022-03-25 12:53:19,751:INFO:Uploading results into container
2022-03-25 12:53:19,752:INFO:Uploading model into container now
2022-03-25 12:53:19,752:INFO:create_model_container: 18
2022-03-25 12:53:19,753:INFO:master_model_container: 18
2022-03-25 12:53:19,753:INFO:display_container: 2
2022-03-25 12:53:19,755:INFO:LGBMRegressor(boosting_type='gbdt', class_weight=None, colsample_bytree=1.0,
              importance_type='split', learning_rate=0.1, max_depth=-1,
              min_child_samples=20, min_child_weight=0.001, min_split_gain=0.0,
              n_estimators=100, n_jobs=-1, num_leaves=31, objective=None,
              random_state=8622, reg_alpha=0.0, reg_lambda=0.0, silent='warn',
              subsample=1.0, subsample_for_bin=200000, subsample_freq=0)
2022-03-25 12:53:19,755:INFO:create_model() succesfully completed......................................
2022-03-25 12:53:19,979:INFO:SubProcess create_model() end ==================================
2022-03-25 12:53:19,979:INFO:Creating metrics dataframe
2022-03-25 12:53:20,043:INFO:Initializing Dummy Regressor
2022-03-25 12:53:20,043:INFO:Total runtime is 2.7232077876726786 minutes
2022-03-25 12:53:20,068:INFO:SubProcess create_model() called ==================================
2022-03-25 12:53:20,069:INFO:Initializing create_model()
2022-03-25 12:53:20,070:INFO:create_model(estimator=dummy, fold=KFold(n_splits=10, random_state=None, shuffle=False), round=4, cross_validation=True, predict=True, fit_kwargs={}, groups=None, refit=False, verbose=False, system=False, metrics=None, add_to_model_list=True, probability_threshold=None, display=<pycaret.internal.Display.Display object at 0x7f31af9180a0>, kwargs={})
2022-03-25 12:53:20,070:INFO:Checking exceptions
2022-03-25 12:53:20,070:INFO:Importing libraries
2022-03-25 12:53:20,070:INFO:Copying training dataset
2022-03-25 12:53:20,074:INFO:Defining folds
2022-03-25 12:53:20,074:INFO:Declaring metric variables
2022-03-25 12:53:20,099:INFO:Importing untrained model
2022-03-25 12:53:20,126:INFO:Dummy Regressor Imported succesfully
2022-03-25 12:53:20,210:INFO:Starting cross validation
2022-03-25 12:53:20,212:INFO:Cross validating with KFold(n_splits=10, random_state=None, shuffle=False), n_jobs=-1
2022-03-25 12:53:20,648:INFO:Calculating mean and std
2022-03-25 12:53:20,650:INFO:Creating metrics dataframe
2022-03-25 12:53:20,657:INFO:Uploading results into container
2022-03-25 12:53:20,657:INFO:Uploading model into container now
2022-03-25 12:53:20,658:INFO:create_model_container: 19
2022-03-25 12:53:20,658:INFO:master_model_container: 19
2022-03-25 12:53:20,658:INFO:display_container: 2
2022-03-25 12:53:20,658:INFO:DummyRegressor(constant=None, quantile=None, strategy='mean')
2022-03-25 12:53:20,658:INFO:create_model() succesfully completed......................................
2022-03-25 12:53:20,817:INFO:SubProcess create_model() end ==================================
2022-03-25 12:53:20,818:INFO:Creating metrics dataframe
2022-03-25 12:53:20,986:INFO:Initializing create_model()
2022-03-25 12:53:20,986:INFO:create_model(estimator=XGBRegressor(base_score=None, booster='gbtree', colsample_bylevel=None,
             colsample_bynode=None, colsample_bytree=None,
             enable_categorical=False, gamma=None, gpu_id=None,
             importance_type=None, interaction_constraints=None,
             learning_rate=None, max_delta_step=None, max_depth=None,
             min_child_weight=None, missing=nan, monotone_constraints=None,
             n_estimators=100, n_jobs=-1, num_parallel_tree=None,
             objective='reg:squarederror', predictor=None, random_state=8622,
             reg_alpha=None, reg_lambda=None, scale_pos_weight=None,
             subsample=None, tree_method='auto', validate_parameters=None,
             verbosity=0), fold=KFold(n_splits=10, random_state=None, shuffle=False), round=4, cross_validation=False, predict=False, fit_kwargs={}, groups=None, refit=True, verbose=False, system=False, metrics=None, add_to_model_list=True, probability_threshold=None, display=None, kwargs={})
2022-03-25 12:53:20,986:INFO:Checking exceptions
2022-03-25 12:53:20,987:INFO:Importing libraries
2022-03-25 12:53:20,987:INFO:Copying training dataset
2022-03-25 12:53:20,989:INFO:Defining folds
2022-03-25 12:53:20,989:INFO:Declaring metric variables
2022-03-25 12:53:20,989:INFO:Importing untrained model
2022-03-25 12:53:20,989:INFO:Declaring custom model
2022-03-25 12:53:20,993:INFO:Extreme Gradient Boosting Imported succesfully
2022-03-25 12:53:20,998:INFO:Cross validation set to False
2022-03-25 12:53:20,998:INFO:Fitting Model
2022-03-25 12:53:23,835:INFO:XGBRegressor(base_score=0.5, booster='gbtree', colsample_bylevel=1,
             colsample_bynode=1, colsample_bytree=1, enable_categorical=False,
             gamma=0, gpu_id=-1, importance_type=None,
             interaction_constraints='', learning_rate=0.300000012,
             max_delta_step=0, max_depth=6, min_child_weight=1, missing=nan,
             monotone_constraints='()', n_estimators=100, n_jobs=-1,
             num_parallel_tree=1, objective='reg:squarederror',
             predictor='auto', random_state=8622, reg_alpha=0, reg_lambda=1,
             scale_pos_weight=1, subsample=1, tree_method='auto',
             validate_parameters=1, verbosity=0)
2022-03-25 12:53:23,835:INFO:create_models() succesfully completed......................................
2022-03-25 12:53:24,004:INFO:create_model_container: 19
2022-03-25 12:53:24,004:INFO:master_model_container: 19
2022-03-25 12:53:24,004:INFO:display_container: 2
2022-03-25 12:53:24,010:INFO:XGBRegressor(base_score=0.5, booster='gbtree', colsample_bylevel=1,
             colsample_bynode=1, colsample_bytree=1, enable_categorical=False,
             gamma=0, gpu_id=-1, importance_type=None,
             interaction_constraints='', learning_rate=0.300000012,
             max_delta_step=0, max_depth=6, min_child_weight=1, missing=nan,
             monotone_constraints='()', n_estimators=100, n_jobs=-1,
             num_parallel_tree=1, objective='reg:squarederror',
             predictor='auto', random_state=8622, reg_alpha=0, reg_lambda=1,
             scale_pos_weight=1, subsample=1, tree_method='auto',
             validate_parameters=1, verbosity=0)
2022-03-25 12:53:24,010:INFO:compare_models() succesfully completed......................................
2022-03-25 12:53:39,749:INFO:Initializing create_model()
2022-03-25 12:53:39,756:INFO:create_model(estimator=xgboost, fold=None, round=4, cross_validation=True, predict=True, fit_kwargs=None, groups=None, refit=True, verbose=True, system=True, metrics=None, add_to_model_list=True, probability_threshold=None, display=None, kwargs={})
2022-03-25 12:53:39,757:INFO:Checking exceptions
2022-03-25 12:53:39,758:INFO:Preparing display monitor
2022-03-25 12:53:39,836:INFO:Importing libraries
2022-03-25 12:53:39,836:INFO:Copying training dataset
2022-03-25 12:53:39,856:INFO:Defining folds
2022-03-25 12:53:39,857:INFO:Declaring metric variables
2022-03-25 12:53:39,900:INFO:Importing untrained model
2022-03-25 12:53:39,931:INFO:Extreme Gradient Boosting Imported succesfully
2022-03-25 12:53:40,038:INFO:Starting cross validation
2022-03-25 12:53:40,046:INFO:Cross validating with KFold(n_splits=10, random_state=None, shuffle=False), n_jobs=-1
2022-03-25 12:54:32,519:INFO:Calculating mean and std
2022-03-25 12:54:32,520:INFO:Creating metrics dataframe
2022-03-25 12:54:32,542:INFO:Finalizing model
2022-03-25 12:54:34,613:INFO:Uploading results into container
2022-03-25 12:54:34,613:INFO:Uploading model into container now
2022-03-25 12:54:34,623:INFO:create_model_container: 20
2022-03-25 12:54:34,623:INFO:master_model_container: 20
2022-03-25 12:54:34,623:INFO:display_container: 3
2022-03-25 12:54:34,625:INFO:XGBRegressor(base_score=0.5, booster='gbtree', colsample_bylevel=1,
             colsample_bynode=1, colsample_bytree=1, enable_categorical=False,
             gamma=0, gpu_id=-1, importance_type=None,
             interaction_constraints='', learning_rate=0.300000012,
             max_delta_step=0, max_depth=6, min_child_weight=1, missing=nan,
             monotone_constraints='()', n_estimators=100, n_jobs=-1,
             num_parallel_tree=1, objective='reg:squarederror',
             predictor='auto', random_state=8622, reg_alpha=0, reg_lambda=1,
             scale_pos_weight=1, subsample=1, tree_method='auto',
             validate_parameters=1, verbosity=0)
2022-03-25 12:54:34,626:INFO:create_model() succesfully completed......................................
2022-03-25 13:53:23,038:INFO:Initializing tune_model()
2022-03-25 13:53:23,050:INFO:tune_model(estimator=XGBRegressor(base_score=0.5, booster='gbtree', colsample_bylevel=1,
             colsample_bynode=1, colsample_bytree=1, enable_categorical=False,
             gamma=0, gpu_id=-1, importance_type=None,
             interaction_constraints='', learning_rate=0.300000012,
             max_delta_step=0, max_depth=6, min_child_weight=1, missing=nan,
             monotone_constraints='()', n_estimators=100, n_jobs=-1,
             num_parallel_tree=1, objective='reg:squarederror',
             predictor='auto', random_state=8622, reg_alpha=0, reg_lambda=1,
             scale_pos_weight=1, subsample=1, tree_method='auto',
             validate_parameters=1, verbosity=0), fold=None, round=4, n_iter=10, custom_grid=None, optimize=R2, custom_scorer=None, search_library=scikit-learn, search_algorithm=None, early_stopping=False, early_stopping_max_iters=10, choose_better=False, fit_kwargs=None, groups=None, return_tuner=False, verbose=True, tuner_verbose=True, display=None, kwargs={})
2022-03-25 13:53:23,050:INFO:Checking exceptions
2022-03-25 13:53:23,051:INFO:Preparing display monitor
2022-03-25 13:53:23,181:INFO:Copying training dataset
2022-03-25 13:53:23,185:INFO:Checking base model
2022-03-25 13:53:23,185:INFO:Base model : Extreme Gradient Boosting
2022-03-25 13:53:23,234:INFO:Declaring metric variables
2022-03-25 13:53:23,258:INFO:Defining Hyperparameters
2022-03-25 13:53:23,581:INFO:Tuning with n_jobs=-1
2022-03-25 13:53:23,582:INFO:Initializing RandomizedSearchCV
2022-03-25 14:07:39,326:INFO:best_params: {'actual_estimator__subsample': 0.7, 'actual_estimator__scale_pos_weight': 6.5, 'actual_estimator__reg_lambda': 0.2, 'actual_estimator__reg_alpha': 0.3, 'actual_estimator__n_estimators': 240, 'actual_estimator__min_child_weight': 2, 'actual_estimator__max_depth': 5, 'actual_estimator__learning_rate': 0.05, 'actual_estimator__colsample_bytree': 0.7}
2022-03-25 14:07:39,328:INFO:Hyperparameter search completed
2022-03-25 14:07:39,328:INFO:SubProcess create_model() called ==================================
2022-03-25 14:07:39,329:INFO:Initializing create_model()
2022-03-25 14:07:39,329:INFO:create_model(estimator=XGBRegressor(base_score=0.5, booster='gbtree', colsample_bylevel=1,
             colsample_bynode=1, colsample_bytree=1, enable_categorical=False,
             gamma=0, gpu_id=-1, importance_type=None,
             interaction_constraints='', learning_rate=0.300000012,
             max_delta_step=0, max_depth=6, min_child_weight=1, missing=nan,
             monotone_constraints='()', n_estimators=100, n_jobs=-1,
             num_parallel_tree=1, objective='reg:squarederror',
             predictor='auto', random_state=8622, reg_alpha=0, reg_lambda=1,
             scale_pos_weight=1, subsample=1, tree_method='auto',
             validate_parameters=1, verbosity=0), fold=KFold(n_splits=10, random_state=None, shuffle=False), round=4, cross_validation=True, predict=True, fit_kwargs={}, groups=None, refit=True, verbose=True, system=False, metrics=None, add_to_model_list=True, probability_threshold=None, display=<pycaret.internal.Display.Display object at 0x7f31af740d30>, kwargs={'subsample': 0.7, 'scale_pos_weight': 6.5, 'reg_lambda': 0.2, 'reg_alpha': 0.3, 'n_estimators': 240, 'min_child_weight': 2, 'max_depth': 5, 'learning_rate': 0.05, 'colsample_bytree': 0.7})
2022-03-25 14:07:39,329:INFO:Checking exceptions
2022-03-25 14:07:39,329:INFO:Importing libraries
2022-03-25 14:07:39,329:INFO:Copying training dataset
2022-03-25 14:07:39,331:INFO:Defining folds
2022-03-25 14:07:39,331:INFO:Declaring metric variables
2022-03-25 14:07:39,342:INFO:Importing untrained model
2022-03-25 14:07:39,343:INFO:Declaring custom model
2022-03-25 14:07:39,357:INFO:Extreme Gradient Boosting Imported succesfully
2022-03-25 14:07:39,399:INFO:Starting cross validation
2022-03-25 14:07:39,401:INFO:Cross validating with KFold(n_splits=10, random_state=None, shuffle=False), n_jobs=-1
2022-03-25 14:09:29,972:INFO:Calculating mean and std
2022-03-25 14:09:29,973:INFO:Creating metrics dataframe
2022-03-25 14:09:29,986:INFO:Finalizing model
2022-03-25 14:09:32,980:INFO:Uploading results into container
2022-03-25 14:09:32,980:INFO:Uploading model into container now
2022-03-25 14:09:32,980:INFO:create_model_container: 21
2022-03-25 14:09:32,980:INFO:master_model_container: 21
2022-03-25 14:09:32,980:INFO:display_container: 4
2022-03-25 14:09:32,983:INFO:XGBRegressor(base_score=0.5, booster='gbtree', colsample_bylevel=1,
             colsample_bynode=1, colsample_bytree=0.7, enable_categorical=False,
             gamma=0, gpu_id=-1, importance_type=None,
             interaction_constraints='', learning_rate=0.05, max_delta_step=0,
             max_depth=5, min_child_weight=2, missing=nan,
             monotone_constraints='()', n_estimators=240, n_jobs=-1,
             num_parallel_tree=1, objective='reg:squarederror',
             predictor='auto', random_state=8622, reg_alpha=0.3, reg_lambda=0.2,
             scale_pos_weight=6.5, subsample=0.7, tree_method='auto',
             validate_parameters=1, verbosity=0)
2022-03-25 14:09:32,983:INFO:create_model() succesfully completed......................................
2022-03-25 14:09:33,088:INFO:SubProcess create_model() end ==================================
2022-03-25 14:09:33,098:INFO:create_model_container: 21
2022-03-25 14:09:33,098:INFO:master_model_container: 21
2022-03-25 14:09:33,098:INFO:display_container: 4
2022-03-25 14:09:33,101:INFO:XGBRegressor(base_score=0.5, booster='gbtree', colsample_bylevel=1,
             colsample_bynode=1, colsample_bytree=0.7, enable_categorical=False,
             gamma=0, gpu_id=-1, importance_type=None,
             interaction_constraints='', learning_rate=0.05, max_delta_step=0,
             max_depth=5, min_child_weight=2, missing=nan,
             monotone_constraints='()', n_estimators=240, n_jobs=-1,
             num_parallel_tree=1, objective='reg:squarederror',
             predictor='auto', random_state=8622, reg_alpha=0.3, reg_lambda=0.2,
             scale_pos_weight=6.5, subsample=0.7, tree_method='auto',
             validate_parameters=1, verbosity=0)
2022-03-25 14:09:33,101:INFO:tune_model() succesfully completed......................................
2022-03-25 14:13:53,957:INFO:Initializing predict_model()
2022-03-25 14:13:53,959:INFO:predict_model(estimator=XGBRegressor(base_score=0.5, booster='gbtree', colsample_bylevel=1,
             colsample_bynode=1, colsample_bytree=0.7, enable_categorical=False,
             gamma=0, gpu_id=-1, importance_type=None,
             interaction_constraints='', learning_rate=0.05, max_delta_step=0,
             max_depth=5, min_child_weight=2, missing=nan,
             monotone_constraints='()', n_estimators=240, n_jobs=-1,
             num_parallel_tree=1, objective='reg:squarederror',
             predictor='auto', random_state=8622, reg_alpha=0.3, reg_lambda=0.2,
             scale_pos_weight=6.5, subsample=0.7, tree_method='auto',
             validate_parameters=1, verbosity=0), probability_threshold=None, encoded_labels=True, drift_report=False, raw_score=False, round=4, verbose=True, ml_usecase=MLUsecase.REGRESSION, display=None)
2022-03-25 14:13:53,959:INFO:Checking exceptions
2022-03-25 14:13:53,959:INFO:Preloading libraries
2022-03-25 14:13:53,960:INFO:Preparing display monitor
2022-03-25 14:18:15,879:INFO:Initializing finalize_model()
2022-03-25 14:18:15,880:INFO:finalize_model(estimator=XGBRegressor(base_score=0.5, booster='gbtree', colsample_bylevel=1,
             colsample_bynode=1, colsample_bytree=0.7, enable_categorical=False,
             gamma=0, gpu_id=-1, importance_type=None,
             interaction_constraints='', learning_rate=0.05, max_delta_step=0,
             max_depth=5, min_child_weight=2, missing=nan,
             monotone_constraints='()', n_estimators=240, n_jobs=-1,
             num_parallel_tree=1, objective='reg:squarederror',
             predictor='auto', random_state=8622, reg_alpha=0.3, reg_lambda=0.2,
             scale_pos_weight=6.5, subsample=0.7, tree_method='auto',
             validate_parameters=1, verbosity=0), fit_kwargs=None, groups=None, model_only=True, display=None)
2022-03-25 14:18:15,891:INFO:Finalizing XGBRegressor(base_score=0.5, booster='gbtree', colsample_bylevel=1,
             colsample_bynode=1, colsample_bytree=0.7, enable_categorical=False,
             gamma=0, gpu_id=-1, importance_type=None,
             interaction_constraints='', learning_rate=0.05, max_delta_step=0,
             max_depth=5, min_child_weight=2, missing=nan,
             monotone_constraints='()', n_estimators=240, n_jobs=-1,
             num_parallel_tree=1, objective='reg:squarederror',
             predictor='auto', random_state=8622, reg_alpha=0.3, reg_lambda=0.2,
             scale_pos_weight=6.5, subsample=0.7, tree_method='auto',
             validate_parameters=1, verbosity=0)
2022-03-25 14:18:15,903:INFO:Initializing create_model()
2022-03-25 14:18:15,903:INFO:create_model(estimator=XGBRegressor(base_score=0.5, booster='gbtree', colsample_bylevel=1,
             colsample_bynode=1, colsample_bytree=0.7, enable_categorical=False,
             gamma=0, gpu_id=-1, importance_type=None,
             interaction_constraints='', learning_rate=0.05, max_delta_step=0,
             max_depth=5, min_child_weight=2, missing=nan,
             monotone_constraints='()', n_estimators=240, n_jobs=-1,
             num_parallel_tree=1, objective='reg:squarederror',
             predictor='auto', random_state=8622, reg_alpha=0.3, reg_lambda=0.2,
             scale_pos_weight=6.5, subsample=0.7, tree_method='auto',
             validate_parameters=1, verbosity=0), fold=None, round=4, cross_validation=True, predict=True, fit_kwargs={}, groups=None, refit=True, verbose=False, system=False, metrics=None, add_to_model_list=False, probability_threshold=None, display=None, kwargs={})
2022-03-25 14:18:15,903:INFO:Checking exceptions
2022-03-25 14:18:15,904:INFO:Importing libraries
2022-03-25 14:18:15,904:INFO:Copying training dataset
2022-03-25 14:18:15,907:INFO:Defining folds
2022-03-25 14:18:15,907:INFO:Declaring metric variables
2022-03-25 14:18:15,908:INFO:Importing untrained model
2022-03-25 14:18:15,908:INFO:Declaring custom model
2022-03-25 14:18:15,919:INFO:Extreme Gradient Boosting Imported succesfully
2022-03-25 14:18:15,919:INFO:Starting cross validation
2022-03-25 14:18:15,923:INFO:Cross validating with KFold(n_splits=10, random_state=None, shuffle=False), n_jobs=-1
2022-03-25 14:20:25,235:INFO:Calculating mean and std
2022-03-25 14:20:25,236:INFO:Creating metrics dataframe
2022-03-25 14:20:25,240:INFO:Finalizing model
2022-03-25 14:20:28,948:INFO:create_model_container: 21
2022-03-25 14:20:28,949:INFO:master_model_container: 21
2022-03-25 14:20:28,949:INFO:display_container: 6
2022-03-25 14:20:28,952:INFO:XGBRegressor(base_score=0.5, booster='gbtree', colsample_bylevel=1,
             colsample_bynode=1, colsample_bytree=0.7, enable_categorical=False,
             gamma=0, gpu_id=-1, importance_type=None,
             interaction_constraints='', learning_rate=0.05, max_delta_step=0,
             max_depth=5, min_child_weight=2, missing=nan,
             monotone_constraints='()', n_estimators=240, n_jobs=-1,
             num_parallel_tree=1, objective='reg:squarederror',
             predictor='auto', random_state=8622, reg_alpha=0.3, reg_lambda=0.2,
             scale_pos_weight=6.5, subsample=0.7, tree_method='auto',
             validate_parameters=1, verbosity=0)
2022-03-25 14:20:28,952:INFO:create_model() succesfully completed......................................
2022-03-25 14:20:29,069:INFO:create_model_container: 21
2022-03-25 14:20:29,070:INFO:master_model_container: 21
2022-03-25 14:20:29,070:INFO:display_container: 5
2022-03-25 14:20:29,074:INFO:XGBRegressor(base_score=0.5, booster='gbtree', colsample_bylevel=1,
             colsample_bynode=1, colsample_bytree=0.7, enable_categorical=False,
             gamma=0, gpu_id=-1, importance_type=None,
             interaction_constraints='', learning_rate=0.05, max_delta_step=0,
             max_depth=5, min_child_weight=2, missing=nan,
             monotone_constraints='()', n_estimators=240, n_jobs=-1,
             num_parallel_tree=1, objective='reg:squarederror',
             predictor='auto', random_state=8622, reg_alpha=0.3, reg_lambda=0.2,
             scale_pos_weight=6.5, subsample=0.7, tree_method='auto',
             validate_parameters=1, verbosity=0)
2022-03-25 14:20:29,074:INFO:finalize_model() succesfully completed......................................
2022-03-25 14:20:29,178:INFO:Initializing predict_model()
2022-03-25 14:20:29,178:INFO:predict_model(estimator=XGBRegressor(base_score=0.5, booster='gbtree', colsample_bylevel=1,
             colsample_bynode=1, colsample_bytree=0.7, enable_categorical=False,
             gamma=0, gpu_id=-1, importance_type=None,
             interaction_constraints='', learning_rate=0.05, max_delta_step=0,
             max_depth=5, min_child_weight=2, missing=nan,
             monotone_constraints='()', n_estimators=240, n_jobs=-1,
             num_parallel_tree=1, objective='reg:squarederror',
             predictor='auto', random_state=8622, reg_alpha=0.3, reg_lambda=0.2,
             scale_pos_weight=6.5, subsample=0.7, tree_method='auto',
             validate_parameters=1, verbosity=0), probability_threshold=None, encoded_labels=True, drift_report=False, raw_score=False, round=4, verbose=True, ml_usecase=MLUsecase.REGRESSION, display=None)
2022-03-25 14:20:29,178:INFO:Checking exceptions
2022-03-25 14:20:29,178:INFO:Preloading libraries
2022-03-25 14:20:29,178:INFO:Preparing display monitor
2022-03-25 17:40:20,378:INFO:Initializing save_model()
2022-03-25 17:40:20,379:INFO:save_model(model=XGBRegressor(base_score=0.5, booster='gbtree', colsample_bylevel=1,
             colsample_bynode=1, colsample_bytree=0.7, enable_categorical=False,
             gamma=0, gpu_id=-1, importance_type=None,
             interaction_constraints='', learning_rate=0.05, max_delta_step=0,
             max_depth=5, min_child_weight=2, missing=nan,
             monotone_constraints='()', n_estimators=240, n_jobs=-1,
             num_parallel_tree=1, objective='reg:squarederror',
             predictor='auto', random_state=8622, reg_alpha=0.3, reg_lambda=0.2,
             scale_pos_weight=6.5, subsample=0.7, tree_method='auto',
             validate_parameters=1, verbosity=0), model_name=final xgboost, prep_pipe_=Pipeline(memory=None,
         steps=[('dtypes',
                 DataTypes_Auto_infer(categorical_features=[],
                                      display_types=False, features_todrop=[],
                                      id_columns=[], ml_usecase='regression',
                                      numerical_features=[],
                                      target='Cena katalogowa 2022',
                                      time_features=[])),
                ('imputer',
                 Simple_Imputer(categorical_strategy='not_available',
                                fill_value_categorical=None,
                                fill_value_numerical=None,
                                nume...
                ('P_transform', 'passthrough'), ('binn', 'passthrough'),
                ('rem_outliers', 'passthrough'), ('cluster_all', 'passthrough'),
                ('dummy', Dummify(target='Cena katalogowa 2022')),
                ('fix_perfect', Remove_100(target='Cena katalogowa 2022')),
                ('clean_names', Clean_Colum_Names()),
                ('feature_select', 'passthrough'), ('fix_multi', 'passthrough'),
                ('dfs', 'passthrough'), ('pca', 'passthrough')],
         verbose=False), verbose=True, kwargs={})
2022-03-25 17:40:20,379:INFO:Adding model into prep_pipe
2022-03-25 17:40:20,523:INFO:final xgboost.pkl saved in current working directory
2022-03-25 17:40:20,616:INFO:Pipeline(memory=None,
         steps=[('dtypes',
                 DataTypes_Auto_infer(categorical_features=[],
                                      display_types=False, features_todrop=[],
                                      id_columns=[], ml_usecase='regression',
                                      numerical_features=[],
                                      target='Cena katalogowa 2022',
                                      time_features=[])),
                ('imputer',
                 Simple_Imputer(categorical_strategy='not_available',
                                fill_value_categorical=None,
                                fill_value_numerical=None,
                                nume...
                              interaction_constraints='', learning_rate=0.05,
                              max_delta_step=0, max_depth=5, min_child_weight=2,
                              missing=nan, monotone_constraints='()',
                              n_estimators=240, n_jobs=-1, num_parallel_tree=1,
                              objective='reg:squarederror', predictor='auto',
                              random_state=8622, reg_alpha=0.3, reg_lambda=0.2,
                              scale_pos_weight=6.5, subsample=0.7,
                              tree_method='auto', validate_parameters=1,
                              verbosity=0)]],
         verbose=False)
2022-03-25 17:40:20,616:INFO:save_model() successfully completed......................................
2022-03-25 17:41:08,602:INFO:Initializing save_model()
2022-03-25 17:41:08,602:INFO:save_model(model=XGBRegressor(base_score=0.5, booster='gbtree', colsample_bylevel=1,
             colsample_bynode=1, colsample_bytree=0.7, enable_categorical=False,
             gamma=0, gpu_id=-1, importance_type=None,
             interaction_constraints='', learning_rate=0.05, max_delta_step=0,
             max_depth=5, min_child_weight=2, missing=nan,
             monotone_constraints='()', n_estimators=240, n_jobs=-1,
             num_parallel_tree=1, objective='reg:squarederror',
             predictor='auto', random_state=8622, reg_alpha=0.3, reg_lambda=0.2,
             scale_pos_weight=6.5, subsample=0.7, tree_method='auto',
             validate_parameters=1, verbosity=0), model_name=final xgboost, prep_pipe_=Pipeline(memory=None,
         steps=[('dtypes',
                 DataTypes_Auto_infer(categorical_features=[],
                                      display_types=False, features_todrop=[],
                                      id_columns=[], ml_usecase='regression',
                                      numerical_features=[],
                                      target='Cena katalogowa 2022',
                                      time_features=[])),
                ('imputer',
                 Simple_Imputer(categorical_strategy='not_available',
                                fill_value_categorical=None,
                                fill_value_numerical=None,
                                nume...
                ('P_transform', 'passthrough'), ('binn', 'passthrough'),
                ('rem_outliers', 'passthrough'), ('cluster_all', 'passthrough'),
                ('dummy', Dummify(target='Cena katalogowa 2022')),
                ('fix_perfect', Remove_100(target='Cena katalogowa 2022')),
                ('clean_names', Clean_Colum_Names()),
                ('feature_select', 'passthrough'), ('fix_multi', 'passthrough'),
                ('dfs', 'passthrough'), ('pca', 'passthrough')],
         verbose=False), verbose=True, kwargs={})
2022-03-25 17:41:08,603:INFO:Adding model into prep_pipe
2022-03-25 17:41:08,774:INFO:final xgboost.pkl saved in current working directory
2022-03-25 17:41:08,842:INFO:Pipeline(memory=None,
         steps=[('dtypes',
                 DataTypes_Auto_infer(categorical_features=[],
                                      display_types=False, features_todrop=[],
                                      id_columns=[], ml_usecase='regression',
                                      numerical_features=[],
                                      target='Cena katalogowa 2022',
                                      time_features=[])),
                ('imputer',
                 Simple_Imputer(categorical_strategy='not_available',
                                fill_value_categorical=None,
                                fill_value_numerical=None,
                                nume...
                              interaction_constraints='', learning_rate=0.05,
                              max_delta_step=0, max_depth=5, min_child_weight=2,
                              missing=nan, monotone_constraints='()',
                              n_estimators=240, n_jobs=-1, num_parallel_tree=1,
                              objective='reg:squarederror', predictor='auto',
                              random_state=8622, reg_alpha=0.3, reg_lambda=0.2,
                              scale_pos_weight=6.5, subsample=0.7,
                              tree_method='auto', validate_parameters=1,
                              verbosity=0)]],
         verbose=False)
2022-03-25 17:41:08,843:INFO:save_model() successfully completed......................................
2022-03-25 17:41:41,158:INFO:Initializing load_model()
2022-03-25 17:41:41,159:INFO:load_model(model_name=final xgboost, platform=None, authentication=None, verbose=True)
